Pulling image: gcr.io/k8s-skaffold/pack
Using default tag: latest
latest: Pulling from k8s-skaffold/pack
396c31837116: Pulling fs layer
9776b10d5c8c: Pulling fs layer
52cb9ac3197f: Pulling fs layer
9776b10d5c8c: Verifying Checksum
9776b10d5c8c: Download complete
396c31837116: Verifying Checksum
396c31837116: Download complete
52cb9ac3197f: Verifying Checksum
52cb9ac3197f: Download complete
396c31837116: Pull complete
9776b10d5c8c: Pull complete
52cb9ac3197f: Pull complete
Digest: sha256:221c0c0d9a90f46f108bb888a1da9e99c82ff631e8b1c63b0223ea951752bd53
Status: Downloaded newer image for gcr.io/k8s-skaffold/pack:latest
gcr.io/k8s-skaffold/pack:latest
nodejs_20250824_RC00: Pulling from serverless-runtimes/google-22-full/builder/nodejs
e27d8d14a9d0: Already exists
7d81b642fead: Already exists
0b38282098db: Already exists
dfdcb03aeaa7: Pulling fs layer
f3dcda0715aa: Pulling fs layer
7e5abc1a0bbc: Pulling fs layer
a8e293aca4ad: Pulling fs layer
f591a5858883: Pulling fs layer
7871131dbcb3: Pulling fs layer
fe0a88c014e5: Pulling fs layer
1a82443b3661: Pulling fs layer
7259ba11a030: Pulling fs layer
c8af7adec7b7: Pulling fs layer
bd717009a605: Pulling fs layer
2f1b06e6babc: Pulling fs layer
707675a737ab: Pulling fs layer
4304d584e037: Pulling fs layer
f9ac1f806259: Pulling fs layer
91e9f14f0b0c: Pulling fs layer
13426d5673fc: Pulling fs layer
ce35c9977772: Pulling fs layer
8a9373d8c8eb: Pulling fs layer
5b874d7cdf8f: Pulling fs layer
f0c0908dc16e: Pulling fs layer
a8adb40b7f91: Pulling fs layer
3c56c68a1812: Pulling fs layer
f0daa4e4c414: Pulling fs layer
26be9f471823: Pulling fs layer
34ce8ba30961: Pulling fs layer
e6178d2c0976: Pulling fs layer
4f4fb700ef54: Pulling fs layer
a8e293aca4ad: Waiting
f591a5858883: Waiting
7871131dbcb3: Waiting
fe0a88c014e5: Waiting
1a82443b3661: Waiting
7259ba11a030: Waiting
c8af7adec7b7: Waiting
bd717009a605: Waiting
2f1b06e6babc: Waiting
707675a737ab: Waiting
4304d584e037: Waiting
f9ac1f806259: Waiting
91e9f14f0b0c: Waiting
13426d5673fc: Waiting
ce35c9977772: Waiting
8a9373d8c8eb: Waiting
5b874d7cdf8f: Waiting
f0c0908dc16e: Waiting
a8adb40b7f91: Waiting
3c56c68a1812: Waiting
f0daa4e4c414: Waiting
26be9f471823: Waiting
34ce8ba30961: Waiting
e6178d2c0976: Waiting
4f4fb700ef54: Waiting
dfdcb03aeaa7: Verifying Checksum
dfdcb03aeaa7: Download complete
f3dcda0715aa: Verifying Checksum
f3dcda0715aa: Download complete
7e5abc1a0bbc: Verifying Checksum
7e5abc1a0bbc: Download complete
dfdcb03aeaa7: Pull complete
a8e293aca4ad: Verifying Checksum
a8e293aca4ad: Download complete
f591a5858883: Verifying Checksum
f591a5858883: Download complete
f3dcda0715aa: Pull complete
7871131dbcb3: Verifying Checksum
7871131dbcb3: Download complete
fe0a88c014e5: Verifying Checksum
fe0a88c014e5: Download complete
7259ba11a030: Verifying Checksum
7259ba11a030: Download complete
7e5abc1a0bbc: Pull complete
1a82443b3661: Verifying Checksum
1a82443b3661: Download complete
c8af7adec7b7: Verifying Checksum
c8af7adec7b7: Download complete
a8e293aca4ad: Pull complete
bd717009a605: Verifying Checksum
bd717009a605: Download complete
2f1b06e6babc: Verifying Checksum
2f1b06e6babc: Download complete
707675a737ab: Verifying Checksum
707675a737ab: Download complete
4304d584e037: Verifying Checksum
4304d584e037: Download complete
f9ac1f806259: Verifying Checksum
f9ac1f806259: Download complete
91e9f14f0b0c: Verifying Checksum
91e9f14f0b0c: Download complete
f591a5858883: Pull complete
13426d5673fc: Verifying Checksum
13426d5673fc: Download complete
8a9373d8c8eb: Verifying Checksum
8a9373d8c8eb: Download complete
ce35c9977772: Verifying Checksum
ce35c9977772: Download complete
5b874d7cdf8f: Verifying Checksum
5b874d7cdf8f: Download complete
f0c0908dc16e: Verifying Checksum
f0c0908dc16e: Download complete
a8adb40b7f91: Download complete
3c56c68a1812: Verifying Checksum
3c56c68a1812: Download complete
f0daa4e4c414: Verifying Checksum
f0daa4e4c414: Download complete
26be9f471823: Verifying Checksum
26be9f471823: Download complete
34ce8ba30961: Verifying Checksum
34ce8ba30961: Download complete
e6178d2c0976: Download complete
4f4fb700ef54: Verifying Checksum
4f4fb700ef54: Download complete
7871131dbcb3: Pull complete
fe0a88c014e5: Pull complete
1a82443b3661: Pull complete
7259ba11a030: Pull complete
c8af7adec7b7: Pull complete
bd717009a605: Pull complete
2f1b06e6babc: Pull complete
707675a737ab: Pull complete
4304d584e037: Pull complete
f9ac1f806259: Pull complete
91e9f14f0b0c: Pull complete
13426d5673fc: Pull complete
ce35c9977772: Pull complete
8a9373d8c8eb: Pull complete
5b874d7cdf8f: Pull complete
f0c0908dc16e: Pull complete
a8adb40b7f91: Pull complete
3c56c68a1812: Pull complete
f0daa4e4c414: Pull complete
26be9f471823: Pull complete
34ce8ba30961: Pull complete
e6178d2c0976: Pull complete
4f4fb700ef54: Pull complete
Digest: sha256:6643e33f6953607b9cd27fb65953807927034dd266fc367cf570798b5e68650b
Status: Downloaded newer image for us-central1-docker.pkg.dev/serverless-runtimes/google-22-full/builder/nodejs:nodejs_20250824_RC00
public-image-next: Pulling from serverless-runtimes/google-22/run/base
e27d8d14a9d0: Already exists
3f36e5b8f0a7: Pulling fs layer
32349c69bdcc: Pulling fs layer
3f36e5b8f0a7: Verifying Checksum
3f36e5b8f0a7: Download complete
3f36e5b8f0a7: Pull complete
32349c69bdcc: Verifying Checksum
32349c69bdcc: Download complete
32349c69bdcc: Pull complete
Digest: sha256:d1c0329d601a3c0eb19bc25d77dc8a3c7d0401883455f17a503718076cee0525
Status: Downloaded newer image for us-central1-docker.pkg.dev/serverless-runtimes/google-22/run/base:public-image-next
===> ANALYZING
Image with name "us-central1-docker.pkg.dev/cocreator-d0nbh/firebaseapphosting-images/sfaisolutions-frontend:build-2025-09-03-002" not found
===> DETECTING
target distro name/version labels not found, reading /etc/os-release file
4 of 6 buildpacks participating
google.nodejs.runtime        1.0.0
google.nodejs.firebasenextjs 0.0.1
google.nodejs.npm            1.1.0
google.nodejs.firebasebundle 0.0.1
===> RESTORING
===> BUILDING
target distro name/version labels not found, reading /etc/os-release file
=== Node.js - Runtime (google.nodejs.runtime@1.0.0) ===
2025/09/03 03:29:57 [DEBUG] GET https://dl.google.com/runtimes/ubuntu2204/nodejs/version.json
Adding image label google.runtime-version: nodejs22
2025/09/03 03:29:57 [DEBUG] GET https://dl.google.com/runtimes/ubuntu2204/nodejs/version.json
***** CACHE MISS: "nodejs"
Installing Node.js v22.19.0.
2025/09/03 03:29:58 [DEBUG] GET https://dl.google.com/runtimes/ubuntu2204/nodejs/nodejs-22.19.0.tar.gz
=== Node.js - Firebasenextjs (google.nodejs.firebasenextjs@0.0.1) ===
***** CACHE MISS: "npm_modules"
Installing nextjs adaptor 14.0.18
=== Node.js - Npm (google.nodejs.npm@1.1.0) ===
***** CACHE MISS: "npm_modules"
Installing application dependencies.
--------------------------------------------------------------------------------
Running "npm ci --quiet --no-fund --no-audit (NODE_ENV=development)"
npm warn deprecated rimraf@2.7.1: Rimraf versions prior to v4 are no longer supported
npm warn deprecated inflight@1.0.6: This module is not supported, and leaks memory. Do not use it. Check out lru-cache if you want a good and tested way to coalesce async requests by a key value, which is much more comprehensive and powerful.
npm warn deprecated node-domexception@1.0.0: Use your platform's native DOMException instead
npm warn deprecated @types/handlebars@4.1.0: This is a stub types definition. handlebars provides its own type definitions, so you do not need this installed.
npm warn deprecated glob@7.2.3: Glob versions prior to v9 are no longer supported
added 910 packages in 27s
Done "npm ci --quiet --no-fund --no-audit (NODE_ENV=development)" (26.729551449s)
--------------------------------------------------------------------------------
Running "npm exec --prefix /layers/google.nodejs.firebasenextjs/npm_modules apphosting-adapter-nextjs-build"
Overriding Next Config to add configs optmized for Firebase App Hosting
Successfully created next.config.ts with Firebase App Hosting overrides
> nextn@0.1.0 build
> next build
   ▲ Next.js 15.3.3
   Creating an optimized production build ...
Failed to compile.
./src/app/signup/page.tsx
Error:   x Unexpected token `div`. Expected jsx identifier
    ,-[/workspace/src/app/signup/page.tsx:10:1]
  7 | 
  8 | export default function SignupPage() {
  9 |   return (
 10 |     <div className="flex flex-col min-h-screen bg-background">
    :      ^^^
 11 |       <SiteHeader />
 12 |       <main className="flex-1 flex items-center justify-center py-12 animate-fade-in-up">
 13 |         <Card className="mx-auto max-w-sm">
    `----
Caused by:
    Syntax Error
Import trace for requested module:
./src/app/signup/page.tsx
> Build failed because of webpack errors
Restoring original next config in project root
/layers/google.nodejs.firebasenextjs/npm_modules/node_modules/@apphosting/common/dist/index.js:61
                reject(new Error(`Build process exited with error code ${code}.`));
                       ^
Error: Build process exited with error code 1.
    at ChildProcess.<anonymous> (/layers/google.nodejs.firebasenextjs/npm_modules/node_modules/@apphosting/common/dist/index.js:61:24)
    at ChildProcess.emit (node:events:519:28)
    at ChildProcess._handle.onexit (node:internal/child_process:293:12)
Node.js v22.19.0
Done "npm exec --prefix /layers/google.nodejs.firebasenextjs/npm_m..." (11.273812877s)
--------------------------------------------------------------------------------
failed to build: (error ID: 4d2e48a6):
{"reason":"Failed Framework Build","code":"fah/failed-framework-build","userFacingMessage":"Your application failed to run the framework build command 'npm exec --prefix /layers/google.nodejs.firebasenextjs/npm_modules apphosting-adapter-nextjs-build' successfully. Please check the raw log to address the error and confirm that your application builds locally before redeploying.","rawLog":"(error ID: d0a693a9):
Overriding Next Config to add configs optmized for Firebase App Hosting
Successfully created next.config.ts with Firebase App Hosting overrides
> nextn@0.1.0 build
> next build
   ▲ Next.js 15.3.3
   Creating an optimized production build ...
Failed to compile.
./src/app/signup/page.tsx
Error:   x Unexpected token `div`. Expected jsx identifier
    ,-[/workspace/src/app/signup/page.tsx:10:1]
  7 | 
  8 | export default function SignupPage() {
  9 |   return (
 10 |     <div className="flex flex-col min-h-screen bg-background">
    :      ^^^
 11 |       <SiteHeader />
 12 |       <main className="flex-1 flex items-center justify-center py-12 animate-fade-in-up">
 13 |         <Card className="mx-auto max-w-sm">
    `----
Caused by:
    Syntax Error
Import trace for requested module:
./src/app/signup/page.tsx
> Build failed because of webpack errors
Restoring original next config in project root
/layers/google.nodejs.firebasenextjs/npm_modules/node_modules/@apphosting/common/dist/index.js:61
                reject(new Error(`Build process exited with error code ${code}.`));
                       ^
Error: Build process exited with error code 1.
    at ChildProcess.<anonymous> (/layers/google.nodejs.firebasenextjs/npm_modules/node_modules/@apphosting/common/dist/index.js:61:24)
    at ChildProcess.emit (node:events:519:28)
    at ChildProcess._handle.onexit (node:internal/child_process:293:12)
Node.js v22.19.0"}
ERROR: failed to build: exit status 1
ERROR: failed to build: executing lifecycle: failed with status code: 51